[2026-06-11T22:19:32.717Z] GET http://localhost:8799/index.html → 200 (8ms, 547B)
[2026-06-11T22:19:32.732Z] GET http://localhost:8799/fonts.css → 200 (3ms, 7937B)
[2026-06-11T22:19:32.732Z] GET http://localhost:8799/app.css → 200 (4ms, 56432B)
[2026-06-11T22:19:32.732Z] GET http://localhost:8799/vendor/react.production.min.js → 200 (4ms, 10751B)
[2026-06-11T22:19:32.732Z] GET http://localhost:8799/vendor/react-dom.production.min.js → 200 (8ms, 131835B)
[2026-06-11T22:19:32.732Z] GET http://localhost:8799/config.js → 200 (4ms, 805B)
[2026-06-11T22:19:32.732Z] GET http://localhost:8799/app.bundle.js → 200 (17ms, 191829B)
[2026-06-11T22:19:32.787Z] GET https://cdn.jsdelivr.net/gh/openfootball/worldcup.json@master/2026/worldcup.json → 200 (384ms, 19957B)
[2026-06-11T22:19:32.795Z] GET http://localhost:8799/fonts/BarlowCondensed-800-23.woff2 → 200 (22ms, 22464B)
[2026-06-11T22:19:32.795Z] GET http://localhost:8799/fonts/Barlow-600-8.woff2 → 200 (23ms, 22772B)
[2026-06-11T22:19:32.795Z] GET http://localhost:8799/fonts/Barlow-700-11.woff2 → 200 (23ms, 22788B)
[2026-06-11T22:19:32.795Z] GET http://localhost:8799/fonts/Barlow-500-5.woff2 → 200 (23ms, 22008B)
[2026-06-11T22:19:32.795Z] GET http://localhost:8799/fonts/Barlow-800-14.woff2 → 200 (22ms, 22976B)
[2026-06-11T22:19:32.795Z] GET http://localhost:8799/fonts/BarlowCondensed-700-20.woff2 → 200 (23ms, 22444B)
[2026-06-11T22:19:32.816Z] GET http://localhost:8799/fonts/Barlow-400-2.woff2 → 200 (6ms, 22196B)
[2026-06-11T22:19:33.498Z] GET http://localhost:8799/flags/ar/w80.png → 200 (7ms, 335B)
[2026-06-11T22:19:33.499Z] GET http://localhost:8799/flags/es/w80.png → 200 (6ms, 673B)
[2026-06-11T22:19:33.499Z] GET http://localhost:8799/flags/fr/w80.png → 200 (6ms, 123B)
[2026-06-11T22:19:33.499Z] GET http://localhost:8799/flags/gb-eng/w80.png → 200 (7ms, 123B)
[2026-06-11T22:19:33.499Z] GET http://localhost:8799/flags/pt/w80.png → 200 (7ms, 893B)
[2026-06-11T22:19:33.500Z] GET http://localhost:8799/flags/br/w80.png → 200 (5ms, 816B)
[2026-06-11T22:19:33.500Z] GET http://localhost:8799/flags/ma/w80.png → 200 (6ms, 304B)
[2026-06-11T22:19:33.500Z] GET http://localhost:8799/flags/nl/w80.png → 200 (10ms, 127B)
[2026-06-11T22:19:33.500Z] GET http://localhost:8799/flags/be/w80.png → 200 (10ms, 127B)
[2026-06-11T22:19:33.500Z] GET http://localhost:8799/flags/de/w80.png → 200 (10ms, 105B)
[2026-06-11T22:19:33.500Z] GET http://localhost:8799/flags/hr/w80.png → 200 (10ms, 639B)
[2026-06-11T22:19:33.500Z] GET http://localhost:8799/flags/co/w80.png → 200 (6ms, 125B)
[2026-06-11T22:19:33.500Z] GET http://localhost:8799/flags/mx/w80.png → 200 (15ms, 562B)
[2026-06-11T22:19:33.501Z] GET http://localhost:8799/flags/sn/w80.png → 200 (14ms, 241B)
[2026-06-11T22:19:33.502Z] GET http://localhost:8799/flags/uy/w80.png → 200 (12ms, 504B)
[2026-06-11T22:19:33.502Z] GET http://localhost:8799/flags/us/w80.png → 200 (12ms, 430B)
[2026-06-11T22:19:33.502Z] GET http://localhost:8799/flags/jp/w80.png → 200 (12ms, 353B)
[2026-06-11T22:19:33.502Z] GET http://localhost:8799/flags/ch/w80.png → 200 (13ms, 135B)
[2026-06-11T22:19:33.502Z] GET http://localhost:8799/flags/ir/w80.png → 200 (19ms, 451B)
[2026-06-11T22:19:33.502Z] GET http://localhost:8799/flags/tr/w80.png → 200 (21ms, 377B)
[2026-06-11T22:19:33.502Z] GET http://localhost:8799/flags/ec/w80.png → 200 (14ms, 933B)
[2026-06-11T22:19:33.502Z] GET http://localhost:8799/flags/at/w80.png → 200 (16ms, 109B)
[2026-06-11T22:19:33.502Z] GET http://localhost:8799/flags/kr/w80.png → 200 (17ms, 972B)
[2026-06-11T22:19:33.503Z] GET http://localhost:8799/flags/au/w80.png → 200 (14ms, 592B)
[2026-06-11T22:19:33.503Z] GET http://localhost:8799/flags/dz/w80.png → 200 (13ms, 399B)
[2026-06-11T22:19:33.503Z] GET http://localhost:8799/flags/eg/w80.png → 200 (20ms, 291B)
[2026-06-11T22:19:33.503Z] GET http://localhost:8799/flags/ca/w80.png → 200 (18ms, 404B)
[2026-06-11T22:19:33.503Z] GET http://localhost:8799/flags/no/w80.png → 200 (15ms, 192B)
[2026-06-11T22:19:33.503Z] GET http://localhost:8799/flags/ci/w80.png → 200 (16ms, 122B)
[2026-06-11T22:19:33.503Z] GET http://localhost:8799/flags/pa/w80.png → 200 (14ms, 361B)
[2026-06-11T22:19:33.503Z] GET http://localhost:8799/flags/se/w80.png → 200 (13ms, 100B)
[2026-06-11T22:19:33.503Z] GET http://localhost:8799/flags/cz/w80.png → 200 (14ms, 363B)
[2026-06-11T22:19:33.503Z] GET http://localhost:8799/flags/py/w80.png → 200 (18ms, 287B)
[2026-06-11T22:19:33.503Z] GET http://localhost:8799/flags/gb-sct/w80.png → 200 (17ms, 433B)
[2026-06-11T22:19:33.503Z] GET http://localhost:8799/flags/cd/w80.png → 200 (16ms, 447B)
[2026-06-11T22:19:33.503Z] GET http://localhost:8799/flags/tn/w80.png → 200 (15ms, 466B)
[2026-06-11T22:19:33.504Z] GET http://localhost:8799/flags/uz/w80.png → 200 (16ms, 242B)
[2026-06-11T22:19:33.504Z] GET http://localhost:8799/flags/qa/w80.png → 200 (15ms, 201B)
[2026-06-11T22:19:33.504Z] GET http://localhost:8799/flags/iq/w80.png → 200 (14ms, 319B)
[2026-06-11T22:19:33.504Z] GET http://localhost:8799/flags/za/w80.png → 200 (14ms, 543B)
[2026-06-11T22:19:33.504Z] GET http://localhost:8799/flags/sa/w80.png → 200 (12ms, 566B)
[2026-06-11T22:19:33.504Z] GET http://localhost:8799/flags/jo/w80.png → 200 (17ms, 287B)
[2026-06-11T22:19:33.504Z] GET http://localhost:8799/flags/ba/w80.png → 200 (16ms, 346B)
[2026-06-11T22:19:33.504Z] GET http://localhost:8799/flags/cv/w80.png → 200 (18ms, 334B)
[2026-06-11T22:19:33.504Z] GET http://localhost:8799/flags/gh/w80.png → 200 (15ms, 267B)
[2026-06-11T22:19:33.504Z] GET http://localhost:8799/flags/cw/w80.png → 200 (18ms, 239B)
[2026-06-11T22:19:33.505Z] GET http://localhost:8799/flags/ht/w80.png → 200 (17ms, 871B)
[2026-06-11T22:19:33.505Z] GET http://localhost:8799/flags/nz/w80.png → 200 (17ms, 536B)
