[2026-06-11T22:20:34.592Z] [warning] [wc] unmapped team: 2A
[2026-06-11T22:20:34.593Z] [warning] [wc] unmapped team: 2B
[2026-06-11T22:20:34.593Z] [warning] [wc] unmapped team: 1E
[2026-06-11T22:20:34.593Z] [warning] [wc] unmapped team: 3A/B/C/D/F
[2026-06-11T22:20:34.593Z] [warning] [wc] unmapped team: 1F
[2026-06-11T22:20:34.593Z] [warning] [wc] unmapped team: 2C
[2026-06-11T22:20:34.593Z] [warning] [wc] unmapped team: 1I
[2026-06-11T22:20:34.593Z] [warning] [wc] unmapped team: 3C/D/F/G/H
[2026-06-11T22:20:34.593Z] [warning] [wc] unmapped team: 3C/E/F/H/I
[2026-06-11T22:20:34.594Z] [warning] [wc] unmapped team: 1L
[2026-06-11T22:20:34.594Z] [warning] [wc] unmapped team: 3E/H/I/J/K
[2026-06-11T22:20:34.594Z] [warning] [wc] unmapped team: 1D
[2026-06-11T22:20:34.594Z] [warning] [wc] unmapped team: 3B/E/F/I/J
[2026-06-11T22:20:34.594Z] [warning] [wc] unmapped team: 1G
[2026-06-11T22:20:34.594Z] [warning] [wc] unmapped team: 3A/E/H/I/J
[2026-06-11T22:20:34.594Z] [warning] [wc] unmapped team: 2K
[2026-06-11T22:20:34.594Z] [warning] [wc] unmapped team: 1H
[2026-06-11T22:20:34.594Z] [warning] [wc] unmapped team: 2J
[2026-06-11T22:20:34.594Z] [warning] [wc] unmapped team: 3E/F/G/I/J
[2026-06-11T22:20:34.594Z] [warning] [wc] unmapped team: 3D/E/I/J/L
[2026-06-11T22:20:34.594Z] [warning] [wc] unmapped team: W74
[2026-06-11T22:20:35.583Z] [warning] [wc] unmapped team: 2A
[2026-06-11T22:20:35.583Z] [warning] [wc] unmapped team: 2B
[2026-06-11T22:20:35.583Z] [warning] [wc] unmapped team: 1E
[2026-06-11T22:20:35.583Z] [warning] [wc] unmapped team: 3A/B/C/D/F
[2026-06-11T22:20:35.583Z] [warning] [wc] unmapped team: 1F
[2026-06-11T22:20:35.583Z] [warning] [wc] unmapped team: 2C
[2026-06-11T22:20:35.583Z] [warning] [wc] unmapped team: 1I
[2026-06-11T22:20:35.583Z] [warning] [wc] unmapped team: 3C/D/F/G/H
[2026-06-11T22:20:35.583Z] [warning] [wc] unmapped team: 3C/E/F/H/I
[2026-06-11T22:20:35.583Z] [warning] [wc] unmapped team: 1L
[2026-06-11T22:20:35.583Z] [warning] [wc] unmapped team: 3E/H/I/J/K
[2026-06-11T22:20:35.583Z] [warning] [wc] unmapped team: 1D
[2026-06-11T22:20:35.583Z] [warning] [wc] unmapped team: 3B/E/F/I/J
[2026-06-11T22:20:35.583Z] [warning] [wc] unmapped team: 1G
[2026-06-11T22:20:35.583Z] [warning] [wc] unmapped team: 3A/E/H/I/J
[2026-06-11T22:20:35.583Z] [warning] [wc] unmapped team: 2K
[2026-06-11T22:20:35.583Z] [warning] [wc] unmapped team: 1H
[2026-06-11T22:20:35.583Z] [warning] [wc] unmapped team: 2J
[2026-06-11T22:20:35.583Z] [warning] [wc] unmapped team: 3E/F/G/I/J
[2026-06-11T22:20:35.583Z] [warning] [wc] unmapped team: 3D/E/I/J/L
[2026-06-11T22:20:35.583Z] [warning] [wc] unmapped team: W74
[2026-06-11T22:21:00.604Z] [warning] [wc] unmapped team: 2A
[2026-06-11T22:21:00.604Z] [warning] [wc] unmapped team: 2B
[2026-06-11T22:21:00.604Z] [warning] [wc] unmapped team: 1E
[2026-06-11T22:21:00.604Z] [warning] [wc] unmapped team: 3A/B/C/D/F
[2026-06-11T22:21:00.604Z] [warning] [wc] unmapped team: 1F
[2026-06-11T22:21:00.604Z] [warning] [wc] unmapped team: 2C
[2026-06-11T22:21:00.604Z] [warning] [wc] unmapped team: 1I
[2026-06-11T22:21:00.604Z] [warning] [wc] unmapped team: 3C/D/F/G/H
[2026-06-11T22:21:00.604Z] [warning] [wc] unmapped team: 3C/E/F/H/I
[2026-06-11T22:21:00.604Z] [warning] [wc] unmapped team: 1L
[2026-06-11T22:21:00.604Z] [warning] [wc] unmapped team: 3E/H/I/J/K
[2026-06-11T22:21:00.604Z] [warning] [wc] unmapped team: 1D
[2026-06-11T22:21:00.604Z] [warning] [wc] unmapped team: 3B/E/F/I/J
[2026-06-11T22:21:00.604Z] [warning] [wc] unmapped team: 1G
[2026-06-11T22:21:00.604Z] [warning] [wc] unmapped team: 3A/E/H/I/J
[2026-06-11T22:21:00.604Z] [warning] [wc] unmapped team: 2K
[2026-06-11T22:21:00.604Z] [warning] [wc] unmapped team: 1H
[2026-06-11T22:21:00.604Z] [warning] [wc] unmapped team: 2J
[2026-06-11T22:21:00.604Z] [warning] [wc] unmapped team: 3E/F/G/I/J
[2026-06-11T22:21:00.604Z] [warning] [wc] unmapped team: 3D/E/I/J/L
[2026-06-11T22:21:00.604Z] [warning] [wc] unmapped team: W74
